AppTest/build/outputs/logs/manifest-merger-release-report.txt
-- Merging decision tree log ---
manifest
ADDED from src/main/AndroidManifest.xml:1:55-10:131
	package
		ADDED from src/main/AndroidManifest.xml:1:174-206
		INJECTED from src/main/AndroidManifest.xml
		INJECTED from src/main/AndroidManifest.xml
	android:versionName
		ADDED from src/main/AndroidManifest.xml:1:148-173
		INJECTED from src/main/AndroidManifest.xml
		INJECTED from src/main/AndroidManifest.xml
	android:versionCode
		ADDED from src/main/AndroidManifest.xml:1:124-147
		INJECTED from src/main/AndroidManifest.xml
		INJECTED from src/main/AndroidManifest.xml
	xmlns:android
		ADDED from src/main/AndroidManifest.xml:1:65-123
application
ADDED from src/main/AndroidManifest.xml:2:5-9:19
MERGED from [com.android.support:appcompat-v7:18.0.0] AndroidManifest.xml:19:5-20
	android:label
		ADDED from src/main/AndroidManifest.xml:2:55-87
	android:icon
		ADDED from src/main/AndroidManifest.xml:2:18-54
activity#com.trueconf.videochat.Login
ADDED from src/main/AndroidManifest.xml:3:9-8:20
	android:label
		ADDED from src/main/AndroidManifest.xml:3:19-51
	android:name
		ADDED from src/main/AndroidManifest.xml:3:52-72
intent-filter#android.intent.action.MAIN+android.intent.category.LAUNCHER
ADDED from src/main/AndroidManifest.xml:4:13-7:29
action#android.intent.action.MAIN
ADDED from src/main/AndroidManifest.xml:5:17-68
	android:name
		ADDED from src/main/AndroidManifest.xml:5:25-66
category#android.intent.category.LAUNCHER
ADDED from src/main/AndroidManifest.xml:6:17-76
	android:name
		ADDED from src/main/AndroidManifest.xml:6:27-74
instrumentation#android.test.InstrumentationTestRunner
ADDED from src/main/AndroidManifest.xml:10:1-120
	android:targetPackage
		ADDED from src/main/AndroidManifest.xml:10:72-118
	android:name
		ADDED from src/main/AndroidManifest.xml:10:18-71
uses-sdk
INJECTED from src/main/AndroidManifest.xml reason: use-sdk injection requested
MERGED from [com.android.support:appcompat-v7:18.0.0] AndroidManifest.xml:18:5-42
	android:minSdkVersion
		INJECTED from src/main/AndroidManifest.xml
		INJECTED from src/main/AndroidManifest.xml